<?xml version="1.0" encoding="UTF-8"?>
<!-- Generated by org.testng.reporters.JUnitReportReporter -->
<testsuite hostname="Mohamed" failures="0" tests="1" name="test.org.maven.HelloWorldChromeNGTest" time="0.947" errors="0" timestamp="2024-04-02T11:07:18 CEST" skipped="0">
  <testcase classname="test.org.maven.HelloWorldChromeNGTest" name="test" time="0.947"/>
  <system-out/>
</testsuite> <!-- test.org.maven.HelloWorldChromeNGTest -->
