<?xml version="1.0" encoding="UTF-8"?>
<!-- Generated by org.testng.reporters.JUnitReportReporter -->
<testsuite hostname="Mohamed" failures="0" tests="1" name="test.org.maven.HelloWorldChromeNGTest" time="1.497" errors="0" timestamp="2024-04-02T11:22:26 CEST" skipped="0">
  <testcase classname="test.org.maven.HelloWorldChromeNGTest" name="test" time="1.497"/>
  <system-out/>
</testsuite> <!-- test.org.maven.HelloWorldChromeNGTest -->
