<?xml version="1.0" encoding="UTF-8"?>
<!-- Generated by org.testng.reporters.JUnitReportReporter -->
<testsuite hostname="Mohamed" failures="0" tests="1" name="test.org.maven.AppTest" time="0.004" errors="0" timestamp="2024-02-07T17:40:13 CET" skipped="0">
  <testcase classname="test.org.maven.AppTest" name="shouldAnswerWithTrue" time="0.004"/>
</testsuite> <!-- test.org.maven.AppTest -->
